#
# There is insufficient memory for the Java Runtime Environment to continue.
# Native memory allocation (mmap) failed to map 532676608 bytes for G1 virtual space
# Possible reasons:
#   The system is out of physical RAM or swap space
#   The process is running with CompressedOops enabled, and the Java Heap may be blocking the growth of the native heap
# Possible solutions:
#   Reduce memory load on the system
#   Increase physical memory or swap space
#   Check if swap backing store is full
#   Decrease Java heap size (-Xmx/-Xms)
#   Decrease number of Java threads
#   Decrease Java thread stack sizes (-Xss)
#   Set larger code cache with -XX:ReservedCodeCacheSize=
#   JVM is running with Zero Based Compressed Oops mode in which the Java heap is
#     placed in the first 32GB address space. The Java Heap base address is the
#     maximum limit for the native heap growth. Please use -XX:HeapBaseMinAddress
#     to set the Java Heap base and to place the Java Heap above 32GB virtual address.
# This output file may be truncated or incomplete.
#
#  Out of Memory Error (os_windows.cpp:3552), pid=2940, tid=49128
#
# JRE version:  (17.0.9+11) (build )
# Java VM: Java HotSpot(TM) 64-Bit Server VM (17.0.9+11-LTS-201, mixed mode, sharing, tiered, compressed oops, compressed class ptrs, g1 gc, windows-amd64)
# No core dump will be written. Minidumps are not enabled by default on client versions of Windows
#

---------------  S U M M A R Y ------------

Command Line: -Dclassworlds.conf=D:\\apache-maven-3.9.6\\bin\\m2.conf -Dmaven.home=D:\\apache-maven-3.9.6 -Dlibrary.jansi.path=D:\\apache-maven-3.9.6\\lib\\jansi-native -Dmaven.multiModuleProjectDirectory=E:\\product\\pandawiki\\PandaWiki\\backend_java org.codehaus.plexus.classworlds.launcher.Launcher compile

Host: 13th Gen Intel(R) Core(TM) i7-1370P, 20 cores, 31G,  Windows 10 , 64 bit Build 19041 (10.0.19041.928)
Time: Tue Jul 29 20:39:51 2025  Windows 10 , 64 bit Build 19041 (10.0.19041.928) elapsed time: 0.010591 seconds (0d 0h 0m 0s)

---------------  T H R E A D  ---------------

Current thread (0x00000270507c1da0):  JavaThread "Unknown thread" [_thread_in_vm, id=49128, stack(0x00000086ef000000,0x00000086ef100000)]

Stack: [0x00000086ef000000,0x00000086ef100000]
Native frames: (J=compiled Java code, j=interpreted, Vv=VM code, C=native code)
V  [jvm.dll+0x678a4a]
V  [jvm.dll+0x7d9cfd]
V  [jvm.dll+0x7db60e]
V  [jvm.dll+0x7dbc73]
V  [jvm.dll+0x245e1f]
V  [jvm.dll+0x6758f9]
V  [jvm.dll+0x66a2a2]
V  [jvm.dll+0x303686]
V  [jvm.dll+0x30ac06]
V  [jvm.dll+0x35a48e]
V  [jvm.dll+0x35a6bf]
V  [jvm.dll+0x2da678]
V  [jvm.dll+0x2db5e4]
V  [jvm.dll+0x7ab6b1]
V  [jvm.dll+0x368041]
V  [jvm.dll+0x78a749]
V  [jvm.dll+0x3ebd4f]
V  [jvm.dll+0x3ed7d1]
C  [jli.dll+0x5297]
C  [ucrtbase.dll+0x21bb2]
C  [KERNEL32.DLL+0x17034]
C  [ntdll.dll+0x52651]


---------------  P R O C E S S  ---------------

Threads class SMR info:
_java_thread_list=0x00007ffdaf2289d8, length=0, elements={
}

Java Threads: ( => current thread )

Other Threads:
  0x000002705082e790 GCTaskThread "GC Thread#0" [stack: 0x00000086ef100000,0x00000086ef200000] [id=65340]
  0x000002707a960660 ConcurrentGCThread "G1 Main Marker" [stack: 0x00000086ef200000,0x00000086ef300000] [id=43444]
  0x000002705083ffa0 ConcurrentGCThread "G1 Conc#0" [stack: 0x00000086ef300000,0x00000086ef400000] [id=49204]

[error occurred during error reporting (printing all threads), id 0xc0000005, EXCEPTION_ACCESS_VIOLATION (0xc0000005) at pc=0x00007ffdaea5b2d7]

VM state: not at safepoint (not fully initialized)

VM Mutex/Monitor currently owned by a thread:  ([mutex/lock_event])
[0x00000270507bcc00] Heap_lock - owner thread: 0x00000270507c1da0

Heap address: 0x0000000604c00000, size: 8116 MB, Compressed Oops mode: Zero based, Oop shift amount: 3

CDS archive(s) mapped at: [0x0000000000000000-0x0000000000000000-0x0000000000000000), size 0, SharedBaseAddress: 0x0000000800000000, ArchiveRelocationMode: 1.
Narrow klass base: 0x0000000000000000, Narrow klass shift: 0, Narrow klass range: 0x0

GC Precious Log:
<Empty>

Heap:
 garbage-first heap   total 0K, used 0K [0x0000000604c00000, 0x0000000800000000)
  region size 4096K, 0 young (0K), 0 survivors (0K)

[error occurred during error reporting (printing heap information), id 0xc0000005, EXCEPTION_ACCESS_VIOLATION (0xc0000005) at pc=0x00007ffdaee42229]

GC Heap History (0 events):
No events

Deoptimization events (0 events):
No events

Classes unloaded (0 events):
No events

Classes redefined (0 events):
No events

Internal exceptions (0 events):
No events

VM Operations (0 events):
No events

Events (1 events):
Event: 0.005 Loaded shared library D:\jdk17\bin\java.dll


Dynamic libraries:
0x00007ff622910000 - 0x00007ff622920000 	D:\jdk17\bin\java.exe
0x00007ffea3c90000 - 0x00007ffea3e85000 	C:\windows\SYSTEM32\ntdll.dll
0x00007ffea3930000 - 0x00007ffea39ed000 	C:\windows\System32\KERNEL32.DLL
0x00007ffea17f0000 - 0x00007ffea1ab8000 	C:\windows\System32\KERNELBASE.dll
0x00007ffea1bf0000 - 0x00007ffea1cf0000 	C:\windows\System32\ucrtbase.dll
0x00007ffe88f10000 - 0x00007ffe88f29000 	D:\jdk17\bin\jli.dll
0x00007ffe8dd50000 - 0x00007ffe8dd6b000 	D:\jdk17\bin\VCRUNTIME140.dll
0x00007ffea3a90000 - 0x00007ffea3b3c000 	C:\windows\System32\ADVAPI32.dll
0x00007ffea3890000 - 0x00007ffea392e000 	C:\windows\System32\msvcrt.dll
0x00007ffea39f0000 - 0x00007ffea3a8b000 	C:\windows\System32\sechost.dll
0x00007ffea2e90000 - 0x00007ffea2fbb000 	C:\windows\System32\RPCRT4.dll
0x00007ffea2fc0000 - 0x00007ffea3160000 	C:\windows\System32\USER32.dll
0x00007ffe8ff30000 - 0x00007ffe901ca000 	C:\windows\WinSxS\amd64_microsoft.windows.common-controls_6595b64144ccf1df_6.0.19041.844_none_ca00b6081b84eb1d\COMCTL32.dll
0x00007ffea1ac0000 - 0x00007ffea1ae2000 	C:\windows\System32\win32u.dll
0x00007ffea2530000 - 0x00007ffea255a000 	C:\windows\System32\GDI32.dll
0x00007ffea15b0000 - 0x00007ffea16bb000 	C:\windows\System32\gdi32full.dll
0x00007ffea1af0000 - 0x00007ffea1b8d000 	C:\windows\System32\msvcp_win.dll
0x00007ffe94f60000 - 0x00007ffe94f6a000 	C:\windows\SYSTEM32\VERSION.dll
0x00007ffea2e60000 - 0x00007ffea2e90000 	C:\windows\System32\IMM32.DLL
0x00007ffe56900000 - 0x00007ffe569a4000 	C:\Program Files\McAfee\Endpoint Security\Threat Prevention\Ips\EpMPApi.dll
0x00007ffea1b90000 - 0x00007ffea1bf0000 	C:\windows\System32\WINTRUST.dll
0x00007ffea13d0000 - 0x00007ffea152f000 	C:\windows\System32\CRYPT32.dll
0x00007ffea0f50000 - 0x00007ffea0f62000 	C:\windows\SYSTEM32\MSASN1.dll
0x000000005ad30000 - 0x000000005ad3c000 	C:\Program Files\McAfee\Endpoint Security\Threat Prevention\Ips\EpMPThe.dll
0x00007ffe56750000 - 0x00007ffe567ab000 	C:\Program Files\McAfee\Endpoint Security\Threat Prevention\Ips\HIPHandlers64.dll
0x00007ffea2710000 - 0x00007ffea2e52000 	C:\windows\System32\SHELL32.dll
0x00007ffea0790000 - 0x00007ffea07cb000 	C:\windows\SYSTEM32\IPHLPAPI.DLL
0x00007ffe9eea0000 - 0x00007ffe9f084000 	C:\windows\SYSTEM32\dbghelp.dll
0x000002704e2f0000 - 0x000002704e345000 	C:\windows\System32\SHLWAPI.dll
0x00007ffe9d6e0000 - 0x00007ffe9d6ec000 	D:\jdk17\bin\vcruntime140_1.dll
0x00007ffe64fc0000 - 0x00007ffe6504e000 	D:\jdk17\bin\msvcp140.dll
0x00007ffdae770000 - 0x00007ffdaf351000 	D:\jdk17\bin\server\jvm.dll
0x00007ffea31f0000 - 0x00007ffea31f8000 	C:\windows\System32\PSAPI.DLL
0x00007ffe83ad0000 - 0x00007ffe83ad9000 	C:\windows\SYSTEM32\WSOCK32.dll
0x00007ffea3820000 - 0x00007ffea388b000 	C:\windows\System32\WS2_32.dll
0x00007ffe954c0000 - 0x00007ffe954e7000 	C:\windows\SYSTEM32\WINMM.dll
0x00007ffe9fc60000 - 0x00007ffe9fc72000 	C:\windows\SYSTEM32\kernel.appcore.dll
0x00007ffe8f770000 - 0x00007ffe8f77a000 	D:\jdk17\bin\jimage.dll
0x00007ffe85cf0000 - 0x00007ffe85d1c000 	C:\windows\SYSTEM32\dbgcore.DLL
0x00007ffea1530000 - 0x00007ffea15b0000 	C:\windows\System32\bcryptPrimitives.dll
0x00007ffe88bb0000 - 0x00007ffe88bd5000 	D:\jdk17\bin\java.dll

dbghelp: loaded successfully - version: 4.0.5 - missing functions: none
symbol engine: initialized successfully - sym options: 0x614 - pdb path: .;D:\jdk17\bin;C:\windows\SYSTEM32;C:\windows\WinSxS\amd64_microsoft.windows.common-controls_6595b64144ccf1df_6.0.19041.844_none_ca00b6081b84eb1d;C:\Program Files\McAfee\Endpoint Security\Threat Prevention\Ips;D:\jdk17\bin\server

VM Arguments:
jvm_args: -Dclassworlds.conf=D:\\apache-maven-3.9.6\\bin\\m2.conf -Dmaven.home=D:\\apache-maven-3.9.6 -Dlibrary.jansi.path=D:\\apache-maven-3.9.6\\lib\\jansi-native -Dmaven.multiModuleProjectDirectory=E:\\product\\pandawiki\\PandaWiki\\backend_java 
java_command: org.codehaus.plexus.classworlds.launcher.Launcher compile
java_class_path (initial): D:\\apache-maven-3.9.6\\boot\\plexus-classworlds-2.7.0.jar
Launcher Type: SUN_STANDARD

[Global flags]
     intx CICompilerCount                          = 12                                        {product} {ergonomic}
     uint ConcGCThreads                            = 4                                         {product} {ergonomic}
     uint G1ConcRefinementThreads                  = 15                                        {product} {ergonomic}
   size_t G1HeapRegionSize                         = 4194304                                   {product} {ergonomic}
    uintx GCDrainStackTargetSize                   = 64                                        {product} {ergonomic}
   size_t InitialHeapSize                          = 532676608                                 {product} {ergonomic}
   size_t MarkStackSize                            = 4194304                                   {product} {ergonomic}
   size_t MaxHeapSize                              = 8510242816                                {product} {ergonomic}
   size_t MinHeapDeltaBytes                        = 4194304                                   {product} {ergonomic}
   size_t MinHeapSize                              = 8388608                                   {product} {ergonomic}
    uintx NonNMethodCodeHeapSize                   = 7602480                                {pd product} {ergonomic}
    uintx NonProfiledCodeHeapSize                  = 122027880                              {pd product} {ergonomic}
    uintx ProfiledCodeHeapSize                     = 122027880                              {pd product} {ergonomic}
    uintx ReservedCodeCacheSize                    = 251658240                              {pd product} {ergonomic}
     bool SegmentedCodeCache                       = true                                      {product} {ergonomic}
   size_t SoftMaxHeapSize                          = 8510242816                             {manageable} {ergonomic}
     bool UseCompressedClassPointers               = true                           {product lp64_product} {ergonomic}
     bool UseCompressedOops                        = true                           {product lp64_product} {ergonomic}
     bool UseG1GC                                  = true                                      {product} {ergonomic}
     bool UseLargePagesIndividualAllocation        = false                                  {pd product} {ergonomic}

Logging:
Log output configuration:
 #0: stdout all=warning uptime,level,tags
 #1: stderr all=off uptime,level,tags

Environment Variables:
PATH=E:\ShadowBot;C:\Program Files\Common Files\Oracle\Java\javapath;C:\Program Files (x86)\Common Files\Oracle\Java\javapath;C:\windows\system32;C:\windows;C:\windows\System32\Wbem;C:\windows\System32\WindowsPowerShell\v1.0\;C:\windows\System32\OpenSSH\;D:\Git\cmd;D:\微信web开发者工具\dll;D:\node\;C:\Program Files\dotnet\;E:\go\bin;C:\Users\cong.lu\AppData\Local\Programs\Python\Launcher\;C:\Users\cong.lu\.local\bin;E:\ShadowBot;C:\Users\cong.lu\AppData\Local\Microsoft\WindowsApps;D:\apache-maven-3.9.6\bin;C:\Users\cong.lu\AppData\Roaming\npm;C:\Users\cong.lu\AppData\Local\Programs\cursor\resources\app\bin;E:\flutter\flutter\bin;C:\Users\cong.lu\go\bin
USERNAME=cong.lu
LANG=zh_CN.UTF-8
OS=Windows_NT
PROCESSOR_IDENTIFIER=Intel64 Family 6 Model 186 Stepping 2, GenuineIntel



---------------  S Y S T E M  ---------------

OS:
 Windows 10 , 64 bit Build 19041 (10.0.19041.928)
OS uptime: 8 days 22:44 hours
Hyper-V role detected

CPU: total 20 (initial active 20) (10 cores per cpu, 2 threads per core) family 6 model 186 stepping 2 microcode 0x4114, cx8, cmov, fxsr, ht, mmx, 3dnowpref, sse, sse2, sse3, ssse3, sse4.1, sse4.2, popcnt, lzcnt, tsc, tscinvbit, avx, avx2, aes, erms, clmul, bmi1, bmi2, adx, sha, fma, vzeroupper, clflush, clflushopt, clwb, hv

Memory: 4k page, system-wide physical 32452M (7110M free)
TotalPageFile size 55476M (AvailPageFile size 94M)
current process WorkingSet (physical memory assigned to process): 12M, peak: 12M
current process commit charge ("private bytes"): 76M, peak: 584M

vm_info: Java HotSpot(TM) 64-Bit Server VM (17.0.9+11-LTS-201) for windows-amd64 JRE (17.0.9+11-LTS-201), built on Oct 10 2023 23:16:06 by "mach5one" with MS VC++ 17.1 (VS2022)

END.
