#
# There is insufficient memory for the Java Runtime Environment to continue.
# Native memory allocation (malloc) failed to allocate 1778256 bytes for Chunk::new
# Possible reasons:
#   The system is out of physical RAM or swap space
#   The process is running with CompressedOops enabled, and the Java Heap may be blocking the growth of the native heap
# Possible solutions:
#   Reduce memory load on the system
#   Increase physical memory or swap space
#   Check if swap backing store is full
#   Decrease Java heap size (-Xmx/-Xms)
#   Decrease number of Java threads
#   Decrease Java thread stack sizes (-Xss)
#   Set larger code cache with -XX:ReservedCodeCacheSize=
#   JVM is running with Zero Based Compressed Oops mode in which the Java heap is
#     placed in the first 32GB address space. The Java Heap base address is the
#     maximum limit for the native heap growth. Please use -XX:HeapBaseMinAddress
#     to set the Java Heap base and to place the Java Heap above 32GB virtual address.
# This output file may be truncated or incomplete.
#
#  Out of Memory Error (arena.cpp:189), pid=2368, tid=63032
#
# JRE version: Java(TM) SE Runtime Environment (17.0.9+11) (build 17.0.9+11-LTS-201)
# Java VM: Java HotSpot(TM) 64-Bit Server VM (17.0.9+11-LTS-201, mixed mode, sharing, tiered, compressed oops, compressed class ptrs, g1 gc, windows-amd64)
# No core dump will be written. Minidumps are not enabled by default on client versions of Windows
#

---------------  S U M M A R Y ------------

Command Line: -Dclassworlds.conf=D:\\apache-maven-3.9.6\\bin\\m2.conf -Dmaven.home=D:\\apache-maven-3.9.6 -Dlibrary.jansi.path=D:\\apache-maven-3.9.6\\lib\\jansi-native -Dmaven.multiModuleProjectDirectory=E:\\product\\pandawiki\\PandaWiki\\backend_java org.codehaus.plexus.classworlds.launcher.Launcher clean compile -q

Host: 13th Gen Intel(R) Core(TM) i7-1370P, 20 cores, 31G,  Windows 10 , 64 bit Build 19041 (10.0.19041.928)
Time: Tue Jul 29 10:19:57 2025  Windows 10 , 64 bit Build 19041 (10.0.19041.928) elapsed time: 12.790944 seconds (0d 0h 0m 12s)

---------------  T H R E A D  ---------------

Current thread (0x00000110f886c490):  JavaThread "C2 CompilerThread3" daemon [_thread_in_native, id=63032, stack(0x0000000ce7400000,0x0000000ce7500000)]


Current CompileTask:
C2:  12791 7326   !   4       com.sun.tools.javac.jvm.ClassReader::classSigToType (497 bytes)

Stack: [0x0000000ce7400000,0x0000000ce7500000]
Native frames: (J=compiled Java code, j=interpreted, Vv=VM code, C=native code)
V  [jvm.dll+0x678a4a]
V  [jvm.dll+0x7d9cfd]
V  [jvm.dll+0x7db60e]
V  [jvm.dll+0x7dbc73]
V  [jvm.dll+0x245e1f]
V  [jvm.dll+0xaaafb]
V  [jvm.dll+0xab09c]
V  [jvm.dll+0x36232f]
V  [jvm.dll+0x32ca01]
V  [jvm.dll+0x32be9a]
V  [jvm.dll+0x21812f]
V  [jvm.dll+0x217561]
V  [jvm.dll+0x1a3bc0]
V  [jvm.dll+0x2272de]
V  [jvm.dll+0x22548b]
V  [jvm.dll+0x78f58c]
V  [jvm.dll+0x78998a]
V  [jvm.dll+0x677875]
C  [ucrtbase.dll+0x21bb2]
C  [KERNEL32.DLL+0x17034]
C  [ntdll.dll+0x52651]


---------------  P R O C E S S  ---------------

Threads class SMR info:
_java_thread_list=0x00000110fc5cbe40, length=22, elements={
0x0000011085500ec0, 0x00000110b2905170, 0x00000110b2905f00, 0x00000110b291fe90,
0x00000110b2922770, 0x00000110b2923040, 0x00000110b2923910, 0x00000110b2928530,
0x00000110b2929b20, 0x00000110b293bd70, 0x00000110b2a73720, 0x00000110b2a88cf0,
0x00000110b2a8b570, 0x00000110f82a85b0, 0x00000110f851fd70, 0x00000110f886b9f0,
0x00000110f886cf30, 0x00000110f886c490, 0x00000110fb8b1a80, 0x00000110fb8b74d0,
0x00000110fb8b1530, 0x00000110fb8b2fc0
}

Java Threads: ( => current thread )
  0x0000011085500ec0 JavaThread "main" [_thread_in_native, id=55060, stack(0x0000000ce4800000,0x0000000ce4900000)]
  0x00000110b2905170 JavaThread "Reference Handler" daemon [_thread_blocked, id=58772, stack(0x0000000ce4f00000,0x0000000ce5000000)]
  0x00000110b2905f00 JavaThread "Finalizer" daemon [_thread_blocked, id=50936, stack(0x0000000ce5000000,0x0000000ce5100000)]
  0x00000110b291fe90 JavaThread "Signal Dispatcher" daemon [_thread_blocked, id=36976, stack(0x0000000ce5100000,0x0000000ce5200000)]
  0x00000110b2922770 JavaThread "Attach Listener" daemon [_thread_blocked, id=57496, stack(0x0000000ce5200000,0x0000000ce5300000)]
  0x00000110b2923040 JavaThread "Service Thread" daemon [_thread_blocked, id=7300, stack(0x0000000ce5300000,0x0000000ce5400000)]
  0x00000110b2923910 JavaThread "Monitor Deflation Thread" daemon [_thread_blocked, id=58664, stack(0x0000000ce5400000,0x0000000ce5500000)]
  0x00000110b2928530 JavaThread "C2 CompilerThread0" daemon [_thread_in_native, id=41844, stack(0x0000000ce5500000,0x0000000ce5600000)]
  0x00000110b2929b20 JavaThread "C1 CompilerThread0" daemon [_thread_blocked, id=49764, stack(0x0000000ce5600000,0x0000000ce5700000)]
  0x00000110b293bd70 JavaThread "Sweeper thread" daemon [_thread_blocked, id=47176, stack(0x0000000ce5700000,0x0000000ce5800000)]
  0x00000110b2a73720 JavaThread "C1 CompilerThread1" daemon [_thread_blocked, id=40160, stack(0x0000000ce5800000,0x0000000ce5900000)]
  0x00000110b2a88cf0 JavaThread "Notification Thread" daemon [_thread_blocked, id=52636, stack(0x0000000ce5900000,0x0000000ce5a00000)]
  0x00000110b2a8b570 JavaThread "Common-Cleaner" daemon [_thread_blocked, id=58264, stack(0x0000000ce5b00000,0x0000000ce5c00000)]
  0x00000110f82a85b0 JavaThread "C1 CompilerThread2" daemon [_thread_blocked, id=31004, stack(0x0000000ce5c00000,0x0000000ce5d00000)]
  0x00000110f851fd70 JavaThread "C1 CompilerThread3" daemon [_thread_blocked, id=47152, stack(0x0000000ce5d00000,0x0000000ce5e00000)]
  0x00000110f886b9f0 JavaThread "C2 CompilerThread1" daemon [_thread_in_native, id=52876, stack(0x0000000ce5e00000,0x0000000ce5f00000)]
  0x00000110f886cf30 JavaThread "C2 CompilerThread2" daemon [_thread_in_native, id=60956, stack(0x0000000ce7300000,0x0000000ce7400000)]
=>0x00000110f886c490 JavaThread "C2 CompilerThread3" daemon [_thread_in_native, id=63032, stack(0x0000000ce7400000,0x0000000ce7500000)]
  0x00000110fb8b1a80 JavaThread "C2 CompilerThread4" daemon [_thread_in_native, id=38892, stack(0x0000000ce7500000,0x0000000ce7600000)]
  0x00000110fb8b74d0 JavaThread "C2 CompilerThread5" daemon [_thread_in_native, id=51888, stack(0x0000000ce7600000,0x0000000ce7700000)]
  0x00000110fb8b1530 JavaThread "C2 CompilerThread6" daemon [_thread_in_native, id=50076, stack(0x0000000ce7700000,0x0000000ce7800000)]
  0x00000110fb8b2fc0 JavaThread "C2 CompilerThread7" daemon [_thread_in_native, id=33476, stack(0x0000000ce7800000,0x0000000ce7900000)]

Other Threads:
  0x00000110b28ff650 VMThread "VM Thread" [stack: 0x0000000ce4e00000,0x0000000ce4f00000] [id=34448]
  0x00000110af700aa0 WatcherThread [stack: 0x0000000ce5a00000,0x0000000ce5b00000] [id=16232]
  0x000001108556d7c0 GCTaskThread "GC Thread#0" [stack: 0x0000000ce4900000,0x0000000ce4a00000] [id=12312]
  0x00000110f8783420 GCTaskThread "GC Thread#1" [stack: 0x0000000ce6300000,0x0000000ce6400000] [id=5040]
  0x00000110f87fe050 GCTaskThread "GC Thread#2" [stack: 0x0000000ce6400000,0x0000000ce6500000] [id=44520]
  0x00000110b2bbf5a0 GCTaskThread "GC Thread#3" [stack: 0x0000000ce6500000,0x0000000ce6600000] [id=60896]
  0x00000110f86fb290 GCTaskThread "GC Thread#4" [stack: 0x0000000ce6600000,0x0000000ce6700000] [id=57252]
  0x00000110f9227b00 GCTaskThread "GC Thread#5" [stack: 0x0000000ce6700000,0x0000000ce6800000] [id=7624]
  0x00000110f9227dc0 GCTaskThread "GC Thread#6" [stack: 0x0000000ce6800000,0x0000000ce6900000] [id=19688]
  0x00000110f9206bf0 GCTaskThread "GC Thread#7" [stack: 0x0000000ce6900000,0x0000000ce6a00000] [id=26636]
  0x00000110f9206eb0 GCTaskThread "GC Thread#8" [stack: 0x0000000ce6a00000,0x0000000ce6b00000] [id=46424]
  0x00000110f94a23a0 GCTaskThread "GC Thread#9" [stack: 0x0000000ce6b00000,0x0000000ce6c00000] [id=44940]
  0x00000110f986fc70 GCTaskThread "GC Thread#10" [stack: 0x0000000ce6c00000,0x0000000ce6d00000] [id=38448]
  0x00000110f986ff30 GCTaskThread "GC Thread#11" [stack: 0x0000000ce6d00000,0x0000000ce6e00000] [id=4640]
  0x00000110f910f8b0 GCTaskThread "GC Thread#12" [stack: 0x0000000ce6100000,0x0000000ce6200000] [id=58516]
  0x00000110f910e2b0 GCTaskThread "GC Thread#13" [stack: 0x0000000ce6200000,0x0000000ce6300000] [id=60396]
  0x00000110f910e830 GCTaskThread "GC Thread#14" [stack: 0x0000000ce6e00000,0x0000000ce6f00000] [id=29468]
  0x000001108557f3c0 ConcurrentGCThread "G1 Main Marker" [stack: 0x0000000ce4a00000,0x0000000ce4b00000] [id=51892]
  0x000001108557fce0 ConcurrentGCThread "G1 Conc#0" [stack: 0x0000000ce4b00000,0x0000000ce4c00000] [id=36512]
  0x00000110f910dff0 ConcurrentGCThread "G1 Conc#1" [stack: 0x0000000ce6000000,0x0000000ce6100000] [id=23288]
  0x00000110f903f4a0 ConcurrentGCThread "G1 Conc#2" [stack: 0x0000000ce6f00000,0x0000000ce7000000] [id=43180]
  0x00000110f903c8a0 ConcurrentGCThread "G1 Conc#3" [stack: 0x0000000ce7000000,0x0000000ce7100000] [id=21576]
  0x00000110af7b8a50 ConcurrentGCThread "G1 Refine#0" [stack: 0x0000000ce4c00000,0x0000000ce4d00000] [id=54352]
  0x00000110f9fa0cf0 ConcurrentGCThread "G1 Refine#1" [stack: 0x0000000ce5f00000,0x0000000ce6000000] [id=55360]
  0x00000110f995bed0 ConcurrentGCThread "G1 Refine#2" [stack: 0x0000000ce7100000,0x0000000ce7200000] [id=53096]
  0x00000110fa638920 ConcurrentGCThread "G1 Refine#3" [stack: 0x0000000ce7200000,0x0000000ce7300000] [id=9508]
  0x00000110af7b9390 ConcurrentGCThread "G1 Service" [stack: 0x0000000ce4d00000,0x0000000ce4e00000] [id=38028]

Threads with active compile tasks:
C2 CompilerThread0    12852 7584       4       com.sun.tools.javac.code.Symtab::enterClass (71 bytes)
C2 CompilerThread1    12852 7746       4       com.sun.tools.javac.code.Symbol$PackageSymbol::flags (9 bytes)
C2 CompilerThread2    12852 7697       4       com.sun.tools.javac.file.JavacFileManager::inferBinaryName (57 bytes)
C2 CompilerThread3    12852 7326   !   4       com.sun.tools.javac.jvm.ClassReader::classSigToType (497 bytes)
C2 CompilerThread4    12852 7714       4       com.sun.tools.javac.code.Scope$ScopeImpl::findFirst (10 bytes)
C2 CompilerThread5    12852 7487       4       com.sun.tools.javac.code.Symtab::lookupPackage (259 bytes)
C2 CompilerThread6    12852 7695   !   4       jdk.nio.zipfs.ZipFileSystem::isDirectory (42 bytes)
C2 CompilerThread7    12852 7504       4       com.sun.tools.javac.jvm.PoolReader::resolve (344 bytes)

VM state: not at safepoint (normal execution)

VM Mutex/Monitor currently owned by a thread: None

Heap address: 0x0000000604c00000, size: 8116 MB, Compressed Oops mode: Zero based, Oop shift amount: 3

CDS archive(s) mapped at: [0x00000110b3000000-0x00000110b3bd0000-0x00000110b3bd0000), size 12386304, SharedBaseAddress: 0x00000110b3000000, ArchiveRelocationMode: 1.
Compressed class space mapped at: 0x00000110b4000000-0x00000110f4000000, reserved size: 1073741824
Narrow klass base: 0x00000110b3000000, Narrow klass shift: 0, Narrow klass range: 0x100000000

GC Precious Log:
 CPUs: 20 total, 20 available
 Memory: 32452M
 Large Page Support: Disabled
 NUMA Support: Disabled
 Compressed Oops: Enabled (Zero based)
 Heap Region Size: 4M
 Heap Min Capacity: 8M
 Heap Initial Capacity: 508M
 Heap Max Capacity: 8116M
 Pre-touch: Disabled
 Parallel Workers: 15
 Concurrent Workers: 4
 Concurrent Refinement Workers: 15
 Periodic GC: Disabled

Heap:
 garbage-first heap   total 155648K, used 110348K [0x0000000604c00000, 0x0000000800000000)
  region size 4096K, 11 young (45056K), 2 survivors (8192K)
 Metaspace       used 27451K, committed 27712K, reserved 1114112K
  class space    used 3017K, committed 3136K, reserved 1048576K

Heap Regions: E=young(eden), S=young(survivor), O=old, HS=humongous(starts), HC=humongous(continues), CS=collection set, F=free, OA=open archive, CA=closed archive, TAMS=top-at-mark-start (previous, next)
|   0|0x0000000604c00000, 0x0000000605000000, 0x0000000605000000|100%| O|  |TAMS 0x0000000604ff8600, 0x0000000604c00000| Untracked 
|   1|0x0000000605000000, 0x0000000605400000, 0x0000000605400000|100%| O|  |TAMS 0x0000000605000000, 0x0000000605000000| Untracked 
|   2|0x0000000605400000, 0x0000000605800000, 0x0000000605800000|100%| O|  |TAMS 0x0000000605400000, 0x0000000605400000| Untracked 
|   3|0x0000000605800000, 0x0000000605c00000, 0x0000000605c00000|100%| O|  |TAMS 0x0000000605800000, 0x0000000605800000| Untracked 
|   4|0x0000000605c00000, 0x0000000606000000, 0x0000000606000000|100%| O|  |TAMS 0x0000000605c00000, 0x0000000605c00000| Untracked 
|   5|0x0000000606000000, 0x0000000606400000, 0x0000000606400000|100%| O|  |TAMS 0x0000000606000000, 0x0000000606000000| Untracked 
|   6|0x0000000606400000, 0x0000000606800000, 0x0000000606800000|100%| O|  |TAMS 0x0000000606400000, 0x0000000606400000| Untracked 
|   7|0x0000000606800000, 0x0000000606c00000, 0x0000000606c00000|100%| O|  |TAMS 0x0000000606800000, 0x0000000606800000| Untracked 
|   8|0x0000000606c00000, 0x0000000607000000, 0x0000000607000000|100%| O|  |TAMS 0x0000000606c00000, 0x0000000606c00000| Untracked 
|   9|0x0000000607000000, 0x0000000607400000, 0x0000000607400000|100%| O|  |TAMS 0x0000000607000000, 0x0000000607000000| Untracked 
|  10|0x0000000607400000, 0x0000000607800000, 0x0000000607800000|100%| O|  |TAMS 0x0000000607400000, 0x0000000607400000| Untracked 
|  11|0x0000000607800000, 0x0000000607c00000, 0x0000000607c00000|100%| O|  |TAMS 0x0000000607800000, 0x0000000607800000| Untracked 
|  12|0x0000000607c00000, 0x0000000607fc3200, 0x0000000608000000| 94%| O|  |TAMS 0x0000000607c00000, 0x0000000607c00000| Untracked 
|  13|0x0000000608000000, 0x0000000608000000, 0x0000000608400000|  0%| F|  |TAMS 0x0000000608000000, 0x0000000608000000| Untracked 
|  14|0x0000000608400000, 0x0000000608400000, 0x0000000608800000|  0%| F|  |TAMS 0x0000000608400000, 0x0000000608400000| Untracked 
|  15|0x0000000608800000, 0x0000000608c00000, 0x0000000608c00000|100%| O|  |TAMS 0x0000000608800000, 0x0000000608800000| Untracked 
|  16|0x0000000608c00000, 0x0000000609000000, 0x0000000609000000|100%| O|  |TAMS 0x0000000608c00000, 0x0000000608c00000| Untracked 
|  17|0x0000000609000000, 0x0000000609400000, 0x0000000609400000|100%| O|  |TAMS 0x0000000609000000, 0x0000000609000000| Untracked 
|  18|0x0000000609400000, 0x0000000609400000, 0x0000000609800000|  0%| F|  |TAMS 0x0000000609400000, 0x0000000609400000| Untracked 
|  19|0x0000000609800000, 0x0000000609800000, 0x0000000609c00000|  0%| F|  |TAMS 0x0000000609800000, 0x0000000609800000| Untracked 
|  20|0x0000000609c00000, 0x0000000609c00000, 0x000000060a000000|  0%| F|  |TAMS 0x0000000609c00000, 0x0000000609c00000| Untracked 
|  21|0x000000060a000000, 0x000000060a000000, 0x000000060a400000|  0%| F|  |TAMS 0x000000060a000000, 0x000000060a000000| Untracked 
|  22|0x000000060a400000, 0x000000060a400000, 0x000000060a800000|  0%| F|  |TAMS 0x000000060a400000, 0x000000060a400000| Untracked 
|  23|0x000000060a800000, 0x000000060ac00000, 0x000000060ac00000|100%| S|CS|TAMS 0x000000060a800000, 0x000000060a800000| Complete 
|  24|0x000000060ac00000, 0x000000060b000000, 0x000000060b000000|100%| S|CS|TAMS 0x000000060ac00000, 0x000000060ac00000| Complete 
|  25|0x000000060b000000, 0x000000060b000000, 0x000000060b400000|  0%| F|  |TAMS 0x000000060b000000, 0x000000060b000000| Untracked 
|  26|0x000000060b400000, 0x000000060b400000, 0x000000060b800000|  0%| F|  |TAMS 0x000000060b400000, 0x000000060b400000| Untracked 
|  27|0x000000060b800000, 0x000000060b800000, 0x000000060bc00000|  0%| F|  |TAMS 0x000000060b800000, 0x000000060b800000| Untracked 
|  28|0x000000060bc00000, 0x000000060be1aa80, 0x000000060c000000| 52%| E|  |TAMS 0x000000060bc00000, 0x000000060bc00000| Complete 
|  96|0x000000061cc00000, 0x000000061d000000, 0x000000061d000000|100%| E|CS|TAMS 0x000000061cc00000, 0x000000061cc00000| Complete 
|  97|0x000000061d000000, 0x000000061d400000, 0x000000061d400000|100%| E|CS|TAMS 0x000000061d000000, 0x000000061d000000| Complete 
|  98|0x000000061d400000, 0x000000061d800000, 0x000000061d800000|100%| E|CS|TAMS 0x000000061d400000, 0x000000061d400000| Complete 
|  99|0x000000061d800000, 0x000000061dc00000, 0x000000061dc00000|100%| E|CS|TAMS 0x000000061d800000, 0x000000061d800000| Complete 
| 100|0x000000061dc00000, 0x000000061e000000, 0x000000061e000000|100%| E|CS|TAMS 0x000000061dc00000, 0x000000061dc00000| Complete 
| 101|0x000000061e000000, 0x000000061e400000, 0x000000061e400000|100%| E|CS|TAMS 0x000000061e000000, 0x000000061e000000| Complete 
| 102|0x000000061e400000, 0x000000061e800000, 0x000000061e800000|100%| E|CS|TAMS 0x000000061e400000, 0x000000061e400000| Complete 
| 126|0x0000000624400000, 0x0000000624800000, 0x0000000624800000|100%| E|CS|TAMS 0x0000000624400000, 0x0000000624400000| Complete 
|2028|0x00000007ffc00000, 0x0000000800000000, 0x0000000800000000|100%| O|  |TAMS 0x00000007ffc00000, 0x00000007ffc00000| Untracked 

Card table byte_map: [0x000001109d800000,0x000001109e7e0000] _byte_map_base: 0x000001109a7da000

Marking Bits (Prev, Next): (CMBitMap*) 0x000001108556ed40, (CMBitMap*) 0x000001108556ed00
 Prev Bits: [0x00000110a7690000, 0x00000110af560000)
 Next Bits: [0x000001109f7c0000, 0x00000110a7690000)

Polling page: 0x0000011083080000

Metaspace:

Usage:
  Non-class:     23.86 MB used.
      Class:      2.95 MB used.
       Both:     26.81 MB used.

Virtual space:
  Non-class space:       64.00 MB reserved,      24.00 MB ( 38%) committed,  1 nodes.
      Class space:        1.00 GB reserved,       3.06 MB ( <1%) committed,  1 nodes.
             Both:        1.06 GB reserved,      27.06 MB (  2%) committed. 

Chunk freelists:
   Non-Class:  7.59 MB
       Class:  12.88 MB
        Both:  20.47 MB

MaxMetaspaceSize: unlimited
CompressedClassSpaceSize: 1.00 GB
Initial GC threshold: 21.00 MB
Current GC threshold: 35.44 MB
CDS: on
MetaspaceReclaimPolicy: balanced
 - commit_granule_bytes: 65536.
 - commit_granule_words: 8192.
 - virtual_space_node_default_size: 8388608.
 - enlarge_chunks_in_place: 1.
 - new_chunks_are_fully_committed: 0.
 - uncommit_free_chunks: 1.
 - use_allocation_guard: 0.
 - handle_deallocations: 1.


Internal statistics:

num_allocs_failed_limit: 3.
num_arena_births: 174.
num_arena_deaths: 0.
num_vsnodes_births: 2.
num_vsnodes_deaths: 0.
num_space_committed: 433.
num_space_uncommitted: 0.
num_chunks_returned_to_freelist: 3.
num_chunks_taken_from_freelist: 1151.
num_chunk_merges: 3.
num_chunk_splits: 802.
num_chunks_enlarged: 623.
num_inconsistent_stats: 0.

CodeHeap 'non-profiled nmethods': size=119168Kb used=4642Kb max_used=4642Kb free=114525Kb
 bounds [0x0000011094910000, 0x0000011094da0000, 0x000001109bd70000]
CodeHeap 'profiled nmethods': size=119104Kb used=16079Kb max_used=16079Kb free=103024Kb
 bounds [0x000001108cd70000, 0x000001108dd30000, 0x00000110941c0000]
CodeHeap 'non-nmethods': size=7488Kb used=2899Kb max_used=2951Kb free=4588Kb
 bounds [0x00000110941c0000, 0x00000110944c0000, 0x0000011094910000]
 total_blobs=7519 nmethods=7005 adapters=423
 compilation: enabled
              stopped_count=0, restarted_count=0
 full_count=0

Compilation events (20 events):
Event: 12.765 Thread 0x00000110f886cf30 nmethod 7686 0x0000011094d8b790 code [0x0000011094d8b920, 0x0000011094d8b9c8]
Event: 12.765 Thread 0x00000110f886cf30 7687       4       com.sun.tools.javac.comp.Check::checkDisjoint (53 bytes)
Event: 12.765 Thread 0x00000110fb8b1530 nmethod 7604 0x0000011094d8ba90 code [0x0000011094d8bc20, 0x0000011094d8be18]
Event: 12.765 Thread 0x00000110fb8b1530 7696       4       java.lang.Enum::hashCode (5 bytes)
Event: 12.766 Thread 0x00000110f886cf30 nmethod 7687 0x0000011094d8c010 code [0x0000011094d8c180, 0x0000011094d8c258]
Event: 12.766 Thread 0x00000110fb8b1530 nmethod 7696 0x0000011094d8c310 code [0x0000011094d8c4a0, 0x0000011094d8c568]
Event: 12.767 Thread 0x00000110f886cf30 7697       4       com.sun.tools.javac.file.JavacFileManager::inferBinaryName (57 bytes)
Event: 12.767 Thread 0x00000110fb8b1530 7614       4       com.sun.tools.javac.jvm.Code::typecode (141 bytes)
Event: 12.767 Thread 0x00000110b2a73720 7699       3       com.sun.tools.javac.jvm.ClassReader$ParameterAnnotations::<init> (5 bytes)
Event: 12.767 Thread 0x00000110f851fd70 7700       3       com.sun.tools.javac.jvm.ClassReader$ParameterAnnotations::add (28 bytes)
Event: 12.768 Thread 0x00000110b2a73720 nmethod 7699 0x000001108dcf4490 code [0x000001108dcf4620, 0x000001108dcf4778]
Event: 12.768 Thread 0x00000110f851fd70 nmethod 7700 0x000001108dcf4810 code [0x000001108dcf49c0, 0x000001108dcf4ce8]
Event: 12.771 Thread 0x00000110fb8b1530 nmethod 7614 0x0000011094d8c610 code [0x0000011094d8c7a0, 0x0000011094d8c8d8]
Event: 12.771 Thread 0x00000110fb8b1530 7698   !   4       java.util.ImmutableCollections$ListItr::next (34 bytes)
Event: 12.774 Thread 0x00000110f82a85b0 7702       3       com.sun.tools.javac.tree.JCTree$JCCompilationUnit::getImports (88 bytes)
Event: 12.775 Thread 0x00000110f82a85b0 nmethod 7702 0x000001108dcf4e10 code [0x000001108dcf50e0, 0x000001108dcf6478]
Event: 12.776 Thread 0x00000110fb8b1530 nmethod 7698 0x0000011094d8ca10 code [0x0000011094d8cba0, 0x0000011094d8cd88]
Event: 12.777 Thread 0x00000110fb8b1530 7695   !   4       jdk.nio.zipfs.ZipFileSystem::isDirectory (42 bytes)
Event: 12.783 Thread 0x00000110fb8b1a80 nmethod 7665 0x0000011094d8cf10 code [0x0000011094d8d0e0, 0x0000011094d8df38]
Event: 12.783 Thread 0x00000110fb8b1a80 7704       4       com.sun.tools.javac.code.Symbol$ClassSymbol::<init> (75 bytes)

GC Heap History (16 events):
Event: 1.193 GC heap before
{Heap before GC invocations=0 (full 0):
 garbage-first heap   total 520192K, used 24576K [0x0000000604c00000, 0x0000000800000000)
  region size 4096K, 6 young (24576K), 0 survivors (0K)
 Metaspace       used 5606K, committed 5760K, reserved 1114112K
  class space    used 668K, committed 768K, reserved 1048576K
}
Event: 1.199 GC heap after
{Heap after GC invocations=1 (full 0):
 garbage-first heap   total 520192K, used 4136K [0x0000000604c00000, 0x0000000800000000)
  region size 4096K, 1 young (4096K), 1 survivors (4096K)
 Metaspace       used 5606K, committed 5760K, reserved 1114112K
  class space    used 668K, committed 768K, reserved 1048576K
}
Event: 2.175 GC heap before
{Heap before GC invocations=1 (full 0):
 garbage-first heap   total 520192K, used 28712K [0x0000000604c00000, 0x0000000800000000)
  region size 4096K, 7 young (28672K), 1 survivors (4096K)
 Metaspace       used 8940K, committed 9088K, reserved 1114112K
  class space    used 1070K, committed 1152K, reserved 1048576K
}
Event: 2.179 GC heap after
{Heap after GC invocations=2 (full 0):
 garbage-first heap   total 520192K, used 5223K [0x0000000604c00000, 0x0000000800000000)
  region size 4096K, 1 young (4096K), 1 survivors (4096K)
 Metaspace       used 8940K, committed 9088K, reserved 1114112K
  class space    used 1070K, committed 1152K, reserved 1048576K
}
Event: 3.943 GC heap before
{Heap before GC invocations=2 (full 0):
 garbage-first heap   total 520192K, used 62567K [0x0000000604c00000, 0x0000000800000000)
  region size 4096K, 15 young (61440K), 1 survivors (4096K)
 Metaspace       used 15598K, committed 15808K, reserved 1114112K
  class space    used 1851K, committed 1920K, reserved 1048576K
}
Event: 3.948 GC heap after
{Heap after GC invocations=3 (full 0):
 garbage-first heap   total 520192K, used 11570K [0x0000000604c00000, 0x0000000800000000)
  region size 4096K, 2 young (8192K), 2 survivors (8192K)
 Metaspace       used 15598K, committed 15808K, reserved 1114112K
  class space    used 1851K, committed 1920K, reserved 1048576K
}
Event: 7.257 GC heap before
{Heap before GC invocations=3 (full 0):
 garbage-first heap   total 520192K, used 175410K [0x0000000604c00000, 0x0000000800000000)
  region size 4096K, 42 young (172032K), 2 survivors (8192K)
 Metaspace       used 16671K, committed 16832K, reserved 1114112K
  class space    used 1860K, committed 1920K, reserved 1048576K
}
Event: 7.267 GC heap after
{Heap after GC invocations=4 (full 0):
 garbage-first heap   total 520192K, used 28641K [0x0000000604c00000, 0x0000000800000000)
  region size 4096K, 6 young (24576K), 6 survivors (24576K)
 Metaspace       used 16671K, committed 16832K, reserved 1114112K
  class space    used 1860K, committed 1920K, reserved 1048576K
}
Event: 9.583 GC heap before
{Heap before GC invocations=4 (full 0):
 garbage-first heap   total 520192K, used 122849K [0x0000000604c00000, 0x0000000800000000)
  region size 4096K, 30 young (122880K), 6 survivors (24576K)
 Metaspace       used 21255K, committed 21504K, reserved 1114112K
  class space    used 2409K, committed 2560K, reserved 1048576K
}
Event: 9.591 GC heap after
{Heap after GC invocations=5 (full 0):
 garbage-first heap   total 520192K, used 36274K [0x0000000604c00000, 0x0000000800000000)
  region size 4096K, 7 young (28672K), 7 survivors (28672K)
 Metaspace       used 21255K, committed 21504K, reserved 1114112K
  class space    used 2409K, committed 2560K, reserved 1048576K
}
Event: 11.270 GC heap before
{Heap before GC invocations=6 (full 0):
 garbage-first heap   total 151552K, used 97714K [0x0000000604c00000, 0x0000000800000000)
  region size 4096K, 22 young (90112K), 7 survivors (28672K)
 Metaspace       used 26452K, committed 26688K, reserved 1114112K
  class space    used 2943K, committed 3072K, reserved 1048576K
}
Event: 11.289 GC heap after
{Heap after GC invocations=7 (full 0):
 garbage-first heap   total 155648K, used 60764K [0x0000000604c00000, 0x0000000800000000)
  region size 4096K, 3 young (12288K), 3 survivors (12288K)
 Metaspace       used 26452K, committed 26688K, reserved 1114112K
  class space    used 2943K, committed 3072K, reserved 1048576K
}
Event: 11.383 GC heap before
{Heap before GC invocations=7 (full 0):
 garbage-first heap   total 155648K, used 64860K [0x0000000604c00000, 0x0000000800000000)
  region size 4096K, 4 young (16384K), 3 survivors (12288K)
 Metaspace       used 26459K, committed 26688K, reserved 1114112K
  class space    used 2943K, committed 3072K, reserved 1048576K
}
Event: 11.389 GC heap after
{Heap after GC invocations=8 (full 0):
 garbage-first heap   total 155648K, used 65297K [0x0000000604c00000, 0x0000000800000000)
  region size 4096K, 1 young (4096K), 1 survivors (4096K)
 Metaspace       used 26459K, committed 26688K, reserved 1114112K
  class space    used 2943K, committed 3072K, reserved 1048576K
}
Event: 12.366 GC heap before
{Heap before GC invocations=8 (full 0):
 garbage-first heap   total 155648K, used 106257K [0x0000000604c00000, 0x0000000800000000)
  region size 4096K, 12 young (49152K), 1 survivors (4096K)
 Metaspace       used 26970K, committed 27264K, reserved 1114112K
  class space    used 2996K, committed 3136K, reserved 1048576K
}
Event: 12.373 GC heap after
{Heap after GC invocations=9 (full 0):
 garbage-first heap   total 155648K, used 77580K [0x0000000604c00000, 0x0000000800000000)
  region size 4096K, 2 young (8192K), 2 survivors (8192K)
 Metaspace       used 26970K, committed 27264K, reserved 1114112K
  class space    used 2996K, committed 3136K, reserved 1048576K
}

Deoptimization events (20 events):
Event: 12.375 Thread 0x0000011085500ec0 DEOPT PACKING pc=0x0000011094d4816c sp=0x0000000ce48fc370
Event: 12.375 Thread 0x0000011085500ec0 DEOPT UNPACKING pc=0x00000110942123a3 sp=0x0000000ce48fc2c0 mode 2
Event: 12.483 Thread 0x0000011085500ec0 DEOPT PACKING pc=0x000001108cf72fd4 sp=0x0000000ce48fa660
Event: 12.483 Thread 0x0000011085500ec0 DEOPT UNPACKING pc=0x0000011094212b43 sp=0x0000000ce48f9be0 mode 0
Event: 12.533 Thread 0x0000011085500ec0 Uncommon trap: trap_request=0xffffff45 fr.pc=0x0000011094cb5278 relative=0x0000000000000ab8
Event: 12.533 Thread 0x0000011085500ec0 Uncommon trap: reason=unstable_if action=reinterpret pc=0x0000011094cb5278 method=com.sun.tools.javac.util.ArrayUtils.ensureCapacity([BI)[B @ 3 c2
Event: 12.533 Thread 0x0000011085500ec0 DEOPT PACKING pc=0x0000011094cb5278 sp=0x0000000ce48fbb10
Event: 12.533 Thread 0x0000011085500ec0 DEOPT UNPACKING pc=0x00000110942123a3 sp=0x0000000ce48fba20 mode 2
Event: 12.616 Thread 0x0000011085500ec0 Uncommon trap: trap_request=0xffffff45 fr.pc=0x0000011094c8fbc8 relative=0x0000000000000048
Event: 12.616 Thread 0x0000011085500ec0 Uncommon trap: reason=unstable_if action=reinterpret pc=0x0000011094c8fbc8 method=com.sun.tools.javac.util.ArrayUtils.ensureCapacity([BI)[B @ 3 c2
Event: 12.616 Thread 0x0000011085500ec0 DEOPT PACKING pc=0x0000011094c8fbc8 sp=0x0000000ce48fa8c0
Event: 12.616 Thread 0x0000011085500ec0 DEOPT UNPACKING pc=0x00000110942123a3 sp=0x0000000ce48fa848 mode 2
Event: 12.637 Thread 0x0000011085500ec0 Uncommon trap: trap_request=0xffffff45 fr.pc=0x0000011094d4c93c relative=0x0000000000000a7c
Event: 12.637 Thread 0x0000011085500ec0 Uncommon trap: reason=unstable_if action=reinterpret pc=0x0000011094d4c93c method=com.sun.tools.javac.util.ArrayUtils.ensureCapacity([BI)[B @ 3 c2
Event: 12.637 Thread 0x0000011085500ec0 DEOPT PACKING pc=0x0000011094d4c93c sp=0x0000000ce48fc2a0
Event: 12.637 Thread 0x0000011085500ec0 DEOPT UNPACKING pc=0x00000110942123a3 sp=0x0000000ce48fc1c8 mode 2
Event: 12.770 Thread 0x0000011085500ec0 Uncommon trap: trap_request=0xffffffde fr.pc=0x0000011094d79e9c relative=0x000000000000025c
Event: 12.771 Thread 0x0000011085500ec0 Uncommon trap: reason=class_check action=maybe_recompile pc=0x0000011094d79e9c method=com.sun.tools.javac.code.Scope$ScopeImpl.lookup(Lcom/sun/tools/javac/util/Name;Ljava/util/function/Predicate;)Lcom/sun/tools/javac/code/Scope$Entry; @ 53 c2
Event: 12.771 Thread 0x0000011085500ec0 DEOPT PACKING pc=0x0000011094d79e9c sp=0x0000000ce48fd2e0
Event: 12.771 Thread 0x0000011085500ec0 DEOPT UNPACKING pc=0x00000110942123a3 sp=0x0000000ce48fd278 mode 2

Classes unloaded (0 events):
No events

Classes redefined (0 events):
No events

Internal exceptions (20 events):
Event: 12.770 Thread 0x0000011085500ec0 Exception <a 'sun/nio/fs/WindowsException'{0x000000061d3ce9a8}> (0x000000061d3ce9a8) 
thrown [s\open\src\hotspot\share\prims\jni.cpp, line 516]
Event: 12.770 Thread 0x0000011085500ec0 Exception <a 'sun/nio/fs/WindowsException'{0x000000061d3ceda8}> (0x000000061d3ceda8) 
thrown [s\open\src\hotspot\share\prims\jni.cpp, line 516]
Event: 12.775 Thread 0x0000011085500ec0 Exception <a 'sun/nio/fs/WindowsException'{0x000000061d3ee1c0}> (0x000000061d3ee1c0) 
thrown [s\open\src\hotspot\share\prims\jni.cpp, line 516]
Event: 12.775 Thread 0x0000011085500ec0 Exception <a 'sun/nio/fs/WindowsException'{0x000000061d3ee550}> (0x000000061d3ee550) 
thrown [s\open\src\hotspot\share\prims\jni.cpp, line 516]
Event: 12.775 Thread 0x0000011085500ec0 Exception <a 'sun/nio/fs/WindowsException'{0x000000061d3f05a8}> (0x000000061d3f05a8) 
thrown [s\open\src\hotspot\share\prims\jni.cpp, line 516]
Event: 12.776 Thread 0x0000011085500ec0 Exception <a 'sun/nio/fs/WindowsException'{0x000000061d3f08f0}> (0x000000061d3f08f0) 
thrown [s\open\src\hotspot\share\prims\jni.cpp, line 516]
Event: 12.776 Thread 0x0000011085500ec0 Exception <a 'sun/nio/fs/WindowsException'{0x000000061d3f2a20}> (0x000000061d3f2a20) 
thrown [s\open\src\hotspot\share\prims\jni.cpp, line 516]
Event: 12.776 Thread 0x0000011085500ec0 Exception <a 'sun/nio/fs/WindowsException'{0x000000061d3f2db0}> (0x000000061d3f2db0) 
thrown [s\open\src\hotspot\share\prims\jni.cpp, line 516]
Event: 12.776 Thread 0x0000011085500ec0 Exception <a 'sun/nio/fs/WindowsException'{0x000000061d3f42f0}> (0x000000061d3f42f0) 
thrown [s\open\src\hotspot\share\prims\jni.cpp, line 516]
Event: 12.777 Thread 0x0000011085500ec0 Exception <a 'sun/nio/fs/WindowsException'{0x000000061d3f4708}> (0x000000061d3f4708) 
thrown [s\open\src\hotspot\share\prims\jni.cpp, line 516]
Event: 12.778 Thread 0x0000011085500ec0 Exception <a 'sun/nio/fs/WindowsException'{0x000000061cc040d0}> (0x000000061cc040d0) 
thrown [s\open\src\hotspot\share\prims\jni.cpp, line 516]
Event: 12.778 Thread 0x0000011085500ec0 Exception <a 'sun/nio/fs/WindowsException'{0x000000061cc04488}> (0x000000061cc04488) 
thrown [s\open\src\hotspot\share\prims\jni.cpp, line 516]
Event: 12.778 Thread 0x0000011085500ec0 Exception <a 'sun/nio/fs/WindowsException'{0x000000061cc097a0}> (0x000000061cc097a0) 
thrown [s\open\src\hotspot\share\prims\jni.cpp, line 516]
Event: 12.779 Thread 0x0000011085500ec0 Exception <a 'sun/nio/fs/WindowsException'{0x000000061cc09b00}> (0x000000061cc09b00) 
thrown [s\open\src\hotspot\share\prims\jni.cpp, line 516]
Event: 12.779 Thread 0x0000011085500ec0 Exception <a 'sun/nio/fs/WindowsException'{0x000000061cc189b0}> (0x000000061cc189b0) 
thrown [s\open\src\hotspot\share\prims\jni.cpp, line 516]
Event: 12.779 Thread 0x0000011085500ec0 Exception <a 'sun/nio/fs/WindowsException'{0x000000061cc18d60}> (0x000000061cc18d60) 
thrown [s\open\src\hotspot\share\prims\jni.cpp, line 516]
Event: 12.780 Thread 0x0000011085500ec0 Exception <a 'sun/nio/fs/WindowsException'{0x000000061cc1a2c8}> (0x000000061cc1a2c8) 
thrown [s\open\src\hotspot\share\prims\jni.cpp, line 516]
Event: 12.780 Thread 0x0000011085500ec0 Exception <a 'sun/nio/fs/WindowsException'{0x000000061cc1a708}> (0x000000061cc1a708) 
thrown [s\open\src\hotspot\share\prims\jni.cpp, line 516]
Event: 12.785 Thread 0x0000011085500ec0 Exception <a 'sun/nio/fs/WindowsException'{0x000000061cc4d0e8}> (0x000000061cc4d0e8) 
thrown [s\open\src\hotspot\share\prims\jni.cpp, line 516]
Event: 12.786 Thread 0x0000011085500ec0 Exception <a 'sun/nio/fs/WindowsException'{0x000000061cc4d460}> (0x000000061cc4d460) 
thrown [s\open\src\hotspot\share\prims\jni.cpp, line 516]

VM Operations (20 events):
Event: 10.334 Executing VM operation: HandshakeAllThreads
Event: 10.334 Executing VM operation: HandshakeAllThreads done
Event: 10.363 Executing VM operation: ICBufferFull
Event: 10.364 Executing VM operation: ICBufferFull done
Event: 11.270 Executing VM operation: G1CollectForAllocation
Event: 11.289 Executing VM operation: G1CollectForAllocation done
Event: 11.383 Executing VM operation: G1CollectForAllocation
Event: 11.389 Executing VM operation: G1CollectForAllocation done
Event: 12.171 Executing VM operation: HandshakeAllThreads
Event: 12.171 Executing VM operation: HandshakeAllThreads done
Event: 12.172 Executing VM operation: HandshakeAllThreads
Event: 12.172 Executing VM operation: HandshakeAllThreads done
Event: 12.352 Executing VM operation: HandshakeAllThreads
Event: 12.352 Executing VM operation: HandshakeAllThreads done
Event: 12.366 Executing VM operation: G1CollectForAllocation
Event: 12.373 Executing VM operation: G1CollectForAllocation done
Event: 12.542 Executing VM operation: ICBufferFull
Event: 12.543 Executing VM operation: ICBufferFull done
Event: 12.772 Executing VM operation: HandshakeAllThreads
Event: 12.772 Executing VM operation: HandshakeAllThreads done

Events (20 events):
Event: 12.256 loading class java/nio/file/FileTreeWalker$1
Event: 12.256 loading class java/nio/file/FileTreeWalker$1 done
Event: 12.256 loading class java/nio/file/FileTreeWalker$DirectoryNode
Event: 12.256 loading class java/nio/file/FileTreeWalker$DirectoryNode done
Event: 12.256 loading class java/nio/file/FileTreeWalker$Event
Event: 12.256 loading class java/nio/file/FileTreeWalker$Event done
Event: 12.256 loading class java/nio/file/FileTreeWalker$EventType
Event: 12.256 loading class java/nio/file/FileTreeWalker$EventType done
Event: 12.256 loading class java/nio/file/Files$3
Event: 12.256 loading class java/nio/file/Files$3 done
Event: 12.256 loading class java/nio/file/FileVisitResult
Event: 12.256 loading class java/nio/file/FileVisitResult done
Event: 12.351 loading class jdk/internal/jimage/ImageReader$LinkNode
Event: 12.351 loading class jdk/internal/jimage/ImageReader$LinkNode done
Event: 12.374 Thread 0x00000110f886cf30 Thread added: 0x00000110f886cf30
Event: 12.374 Thread 0x00000110f886c490 Thread added: 0x00000110f886c490
Event: 12.374 Thread 0x00000110fb8b1a80 Thread added: 0x00000110fb8b1a80
Event: 12.393 Thread 0x00000110fb8b74d0 Thread added: 0x00000110fb8b74d0
Event: 12.410 Thread 0x00000110fb8b1530 Thread added: 0x00000110fb8b1530
Event: 12.621 Thread 0x00000110fb8b2fc0 Thread added: 0x00000110fb8b2fc0


Dynamic libraries:
0x00007ff622910000 - 0x00007ff622920000 	D:\jdk17\bin\java.exe
0x00007ffea3c90000 - 0x00007ffea3e85000 	C:\windows\SYSTEM32\ntdll.dll
0x00007ffea3930000 - 0x00007ffea39ed000 	C:\windows\System32\KERNEL32.DLL
0x00007ffea17f0000 - 0x00007ffea1ab8000 	C:\windows\System32\KERNELBASE.dll
0x00007ffea1bf0000 - 0x00007ffea1cf0000 	C:\windows\System32\ucrtbase.dll
0x00007ffe8dd50000 - 0x00007ffe8dd6b000 	D:\jdk17\bin\VCRUNTIME140.dll
0x00007ffe88f10000 - 0x00007ffe88f29000 	D:\jdk17\bin\jli.dll
0x00007ffea3a90000 - 0x00007ffea3b3c000 	C:\windows\System32\ADVAPI32.dll
0x00007ffea3890000 - 0x00007ffea392e000 	C:\windows\System32\msvcrt.dll
0x00007ffea39f0000 - 0x00007ffea3a8b000 	C:\windows\System32\sechost.dll
0x00007ffea2e90000 - 0x00007ffea2fbb000 	C:\windows\System32\RPCRT4.dll
0x00007ffea2fc0000 - 0x00007ffea3160000 	C:\windows\System32\USER32.dll
0x00007ffe8ff30000 - 0x00007ffe901ca000 	C:\windows\WinSxS\amd64_microsoft.windows.common-controls_6595b64144ccf1df_6.0.19041.844_none_ca00b6081b84eb1d\COMCTL32.dll
0x00007ffea1ac0000 - 0x00007ffea1ae2000 	C:\windows\System32\win32u.dll
0x00007ffea2530000 - 0x00007ffea255a000 	C:\windows\System32\GDI32.dll
0x00007ffea15b0000 - 0x00007ffea16bb000 	C:\windows\System32\gdi32full.dll
0x00007ffe94f60000 - 0x00007ffe94f6a000 	C:\windows\SYSTEM32\VERSION.dll
0x00007ffea1af0000 - 0x00007ffea1b8d000 	C:\windows\System32\msvcp_win.dll
0x00007ffea2e60000 - 0x00007ffea2e90000 	C:\windows\System32\IMM32.DLL
0x00007ffe56900000 - 0x00007ffe569a4000 	C:\Program Files\McAfee\Endpoint Security\Threat Prevention\Ips\EpMPApi.dll
0x00007ffea1b90000 - 0x00007ffea1bf0000 	C:\windows\System32\WINTRUST.dll
0x00007ffea13d0000 - 0x00007ffea152f000 	C:\windows\System32\CRYPT32.dll
0x00007ffea0f50000 - 0x00007ffea0f62000 	C:\windows\SYSTEM32\MSASN1.dll
0x000000005ad30000 - 0x000000005ad3c000 	C:\Program Files\McAfee\Endpoint Security\Threat Prevention\Ips\EpMPThe.dll
0x00007ffe56750000 - 0x00007ffe567ab000 	C:\Program Files\McAfee\Endpoint Security\Threat Prevention\Ips\HIPHandlers64.dll
0x00007ffea2710000 - 0x00007ffea2e52000 	C:\windows\System32\SHELL32.dll
0x00007ffea0790000 - 0x00007ffea07cb000 	C:\windows\SYSTEM32\IPHLPAPI.DLL
0x00007ffe9eea0000 - 0x00007ffe9f084000 	C:\windows\SYSTEM32\dbghelp.dll
0x0000011083020000 - 0x0000011083075000 	C:\windows\System32\SHLWAPI.dll
0x00007ffe9d6e0000 - 0x00007ffe9d6ec000 	D:\jdk17\bin\vcruntime140_1.dll
0x00007ffe64fc0000 - 0x00007ffe6504e000 	D:\jdk17\bin\msvcp140.dll
0x00007ffdae770000 - 0x00007ffdaf351000 	D:\jdk17\bin\server\jvm.dll
0x00007ffea31f0000 - 0x00007ffea31f8000 	C:\windows\System32\PSAPI.DLL
0x00007ffe954c0000 - 0x00007ffe954e7000 	C:\windows\SYSTEM32\WINMM.dll
0x00007ffe83ad0000 - 0x00007ffe83ad9000 	C:\windows\SYSTEM32\WSOCK32.dll
0x00007ffea3820000 - 0x00007ffea388b000 	C:\windows\System32\WS2_32.dll
0x00007ffe9fc60000 - 0x00007ffe9fc72000 	C:\windows\SYSTEM32\kernel.appcore.dll
0x00007ffe8f770000 - 0x00007ffe8f77a000 	D:\jdk17\bin\jimage.dll
0x00007ffe85cf0000 - 0x00007ffe85d1c000 	C:\windows\SYSTEM32\dbgcore.DLL
0x00007ffea1530000 - 0x00007ffea15b0000 	C:\windows\System32\bcryptPrimitives.dll
0x00007ffe88bb0000 - 0x00007ffe88bd5000 	D:\jdk17\bin\java.dll
0x00007ffe64d30000 - 0x00007ffe64e07000 	D:\jdk17\bin\jsvml.dll
0x00007ffe9f4b0000 - 0x00007ffe9fc41000 	C:\windows\SYSTEM32\windows.storage.dll
0x00007ffea1cf0000 - 0x00007ffea2045000 	C:\windows\System32\combase.dll
0x00007ffea0ca0000 - 0x00007ffea0ccc000 	C:\windows\SYSTEM32\Wldp.dll
0x00007ffea2200000 - 0x00007ffea22ae000 	C:\windows\System32\SHCORE.dll
0x00007ffea1310000 - 0x00007ffea132f000 	C:\windows\SYSTEM32\profapi.dll
0x00007ffe88b90000 - 0x00007ffe88ba9000 	D:\jdk17\bin\net.dll
0x00007ffe99530000 - 0x00007ffe9963b000 	C:\windows\SYSTEM32\WINHTTP.dll
0x00007ffea0a80000 - 0x00007ffea0aea000 	C:\windows\system32\mswsock.dll
0x00007ffe80d40000 - 0x00007ffe80d56000 	D:\jdk17\bin\nio.dll
0x00007ffe80c80000 - 0x00007ffe80c98000 	D:\jdk17\bin\zip.dll
0x0000000069ac0000 - 0x0000000069ae4000 	D:\apache-maven-3.9.6\lib\jansi-native\Windows\x86_64\jansi.dll
0x00007ffe8f290000 - 0x00007ffe8f2a0000 	D:\jdk17\bin\verify.dll

dbghelp: loaded successfully - version: 4.0.5 - missing functions: none
symbol engine: initialized successfully - sym options: 0x614 - pdb path: .;D:\jdk17\bin;C:\windows\SYSTEM32;C:\windows\WinSxS\amd64_microsoft.windows.common-controls_6595b64144ccf1df_6.0.19041.844_none_ca00b6081b84eb1d;C:\Program Files\McAfee\Endpoint Security\Threat Prevention\Ips;D:\jdk17\bin\server;D:\apache-maven-3.9.6\lib\jansi-native\Windows\x86_64

VM Arguments:
jvm_args: -Dclassworlds.conf=D:\\apache-maven-3.9.6\\bin\\m2.conf -Dmaven.home=D:\\apache-maven-3.9.6 -Dlibrary.jansi.path=D:\\apache-maven-3.9.6\\lib\\jansi-native -Dmaven.multiModuleProjectDirectory=E:\\product\\pandawiki\\PandaWiki\\backend_java 
java_command: org.codehaus.plexus.classworlds.launcher.Launcher clean compile -q
java_class_path (initial): D:\\apache-maven-3.9.6\\boot\\plexus-classworlds-2.7.0.jar
Launcher Type: SUN_STANDARD

[Global flags]
     intx CICompilerCount                          = 12                                        {product} {ergonomic}
     uint ConcGCThreads                            = 4                                         {product} {ergonomic}
     uint G1ConcRefinementThreads                  = 15                                        {product} {ergonomic}
   size_t G1HeapRegionSize                         = 4194304                                   {product} {ergonomic}
    uintx GCDrainStackTargetSize                   = 64                                        {product} {ergonomic}
   size_t InitialHeapSize                          = 532676608                                 {product} {ergonomic}
   size_t MarkStackSize                            = 4194304                                   {product} {ergonomic}
   size_t MaxHeapSize                              = 8510242816                                {product} {ergonomic}
   size_t MaxNewSize                               = 5104467968                                {product} {ergonomic}
   size_t MinHeapDeltaBytes                        = 4194304                                   {product} {ergonomic}
   size_t MinHeapSize                              = 8388608                                   {product} {ergonomic}
    uintx NonNMethodCodeHeapSize                   = 7602480                                {pd product} {ergonomic}
    uintx NonProfiledCodeHeapSize                  = 122027880                              {pd product} {ergonomic}
    uintx ProfiledCodeHeapSize                     = 122027880                              {pd product} {ergonomic}
    uintx ReservedCodeCacheSize                    = 251658240                              {pd product} {ergonomic}
     bool SegmentedCodeCache                       = true                                      {product} {ergonomic}
   size_t SoftMaxHeapSize                          = 8510242816                             {manageable} {ergonomic}
     bool UseCompressedClassPointers               = true                           {product lp64_product} {ergonomic}
     bool UseCompressedOops                        = true                           {product lp64_product} {ergonomic}
     bool UseG1GC                                  = true                                      {product} {ergonomic}
     bool UseLargePagesIndividualAllocation        = false                                  {pd product} {ergonomic}

Logging:
Log output configuration:
 #0: stdout all=warning uptime,level,tags
 #1: stderr all=off uptime,level,tags

Environment Variables:
PATH=E:\ShadowBot;C:\Program Files\Common Files\Oracle\Java\javapath;C:\Program Files (x86)\Common Files\Oracle\Java\javapath;C:\windows\system32;C:\windows;C:\windows\System32\Wbem;C:\windows\System32\WindowsPowerShell\v1.0\;C:\windows\System32\OpenSSH\;D:\Git\cmd;D:\微信web开发者工具\dll;D:\node\;C:\Program Files\dotnet\;E:\go\bin;C:\Users\cong.lu\AppData\Local\Programs\Python\Launcher\;C:\Users\cong.lu\.local\bin;E:\ShadowBot;C:\Users\cong.lu\AppData\Local\Microsoft\WindowsApps;D:\apache-maven-3.9.6\bin;C:\Users\cong.lu\AppData\Roaming\npm;C:\Users\cong.lu\AppData\Local\Programs\cursor\resources\app\bin;E:\flutter\flutter\bin;C:\Users\cong.lu\go\bin
USERNAME=cong.lu
LANG=zh_CN.UTF-8
OS=Windows_NT
PROCESSOR_IDENTIFIER=Intel64 Family 6 Model 186 Stepping 2, GenuineIntel



---------------  S Y S T E M  ---------------

OS:
 Windows 10 , 64 bit Build 19041 (10.0.19041.928)
OS uptime: 8 days 12:25 hours
Hyper-V role detected

CPU: total 20 (initial active 20) (10 cores per cpu, 2 threads per core) family 6 model 186 stepping 2 microcode 0x4114, cx8, cmov, fxsr, ht, mmx, 3dnowpref, sse, sse2, sse3, ssse3, sse4.1, sse4.2, popcnt, lzcnt, tsc, tscinvbit, avx, avx2, aes, erms, clmul, bmi1, bmi2, adx, sha, fma, vzeroupper, clflush, clflushopt, clwb, hv

Memory: 4k page, system-wide physical 32452M (4424M free)
TotalPageFile size 55476M (AvailPageFile size 1M)
current process WorkingSet (physical memory assigned to process): 334M, peak: 337M
current process commit charge ("private bytes"): 388M, peak: 712M

vm_info: Java HotSpot(TM) 64-Bit Server VM (17.0.9+11-LTS-201) for windows-amd64 JRE (17.0.9+11-LTS-201), built on Oct 10 2023 23:16:06 by "mach5one" with MS VC++ 17.1 (VS2022)

END.
